This is LuaTeX, Version 1.09.0 (MiKTeX 2.9.6880 64-bit)  (format=lualatex 2019.7.20)  20 JUL 2019 22:56
 restricted system commands enabled.
**cv.tex
(./cv.tex
LaTeX2e <2018-04-01> patch level 5
Lua module: luaotfload-main 2018-10-28 2.93 luaotfload entry point
Lua module: luaotfload-init 2018-10-28 2.93 luaotfload submodule / initializatio
n
Lua module: lualibs 2018-10-18 2.61 ConTeXt Lua standard libraries.
Lua module: lualibs-extended 2018-10-18 2.61 ConTeXt Lua libraries -- extended c
ollection.
Lua module: luaotfload-log 2018-10-28 2.93 luaotfload submodule / logging
Lua module: luaotfload-parsers 2018-10-28 2.93 luaotfload submodule / filelist
Lua module: luaotfload-configuration 2018-10-28 2.93 luaotfload submodule / conf
ig file reader
luaotfload | conf : Root cache directory is C:/Users/Ntsiki/AppData/Local/MiKTeX
/2.9/luatex-cache/generic/names.
luaotfload | init : Loading fontloader “fontloader-2018-10-28.lua” from kpse
-resolved path “C:/Program Files/MiKTeX 2.9/tex/luatex/luaotfload/fontloader-2
018-10-28.lua”.
Lua-only attribute luaotfload@state = 1
Lua-only attribute luaotfload@noligature = 2
Lua-only attribute luaotfload@syllabe = 3
luaotfload | init : Context OpenType loader version “3.106”
Inserting `luaotfload.node_processor' at position 1 in `pre_linebreak_filter'.
Inserting `luaotfload.node_processor' at position 1 in `hpack_filter'.
Lua module: luaotfload-loaders 2018-10-28 2.93 luaotfload submodule / callback h
andling
Inserting `luaotfload.define_font' at position 1 in `define_font'.
Lua module: luaotfload-database 2018-10-28 2.93 luaotfload submodule / database
Lua module: luaotfload-colors 2018-10-28 2.93 luaotfload submodule / color
Lua-only attribute luaotfload_color_attribute = 4
Lua module: luaotfload-resolvers 2018-10-28 2.93 luaotfload submodule / resolver
s
luaotfload | conf : Root cache directory is C:/Users/Ntsiki/AppData/Local/MiKTeX
/2.9/luatex-cache/generic/names.
Lua module: luaotfload-features 2018-10-28 2.93 luaotfload submodule / features
Lua module: luaotfload-letterspace 2018-10-28 2.93 luaotfload submodule / color
Lua module: luaotfload-auxiliary 2018-10-28 2.93 luaotfload submodule / auxiliar
y functions
Inserting `luaotfload.aux.set_sscale_dimens' at position 1 in `luaotfload.patch_
font'.
Inserting `luaotfload.aux.patch_cambria_domh' at position 2 in `luaotfload.patch
_font'.
Inserting `luaotfload.aux.fixup_fontdata' at position 1 in `luaotfload.patch_fon
t_unsafe'.
Inserting `luaotfload.aux.set_capheight' at position 3 in `luaotfload.patch_font
'.
Inserting `luaotfload.rewrite_fontname' at position 4 in `luaotfload.patch_font'
.
luaotfload | main : initialization completed in 0.531 seconds
("C:/Program Files/MiKTeX 2.9/tex/latex/base/article.cls"
Document Class: article 2014/09/29 v1.4h Standard LaTeX document class
("C:/Program Files/MiKTeX 2.9/tex/latex/base/size12.clo"
File: size12.clo 2014/09/29 v1.4h Standard LaTeX file (size option)
luaotfload | db : Font names database loaded from C:/Users/Ntsiki/AppData/Local/
MiKTeX/2.9/luatex-cache/generic/names/luaotfload-names.luc)
\c@part=\count80
\c@section=\count81
\c@subsection=\count82
\c@subsubsection=\count83
\c@paragraph=\count84
\c@subparagraph=\count85
\c@figure=\count86
\c@table=\count87
\abovecaptionskip=\skip41
\belowcaptionskip=\skip42
\bibindent=\dimen102
)
("C:/Program Files/MiKTeX 2.9/tex/latex/tools/array.sty"
Package: array 2018/04/30 v2.4h Tabular extension package (FMi)
\col@sep=\dimen103
\ar@mcellbox=\box26
\extrarowheight=\dimen104
\NC@list=\toks14
\extratabsurround=\skip43
\backup@length=\skip44
\ar@cellbox=\box27
)
("C:/Program Files/MiKTeX 2.9/tex/latex/xcolor/xcolor.sty"
Package: xcolor 2016/05/11 v2.12 LaTeX color extensions (UK)

("C:/Program Files/MiKTeX 2.9/tex/latex/graphics-cfg/color.cfg"
File: color.cfg 2016/01/02 v1.6 sample color configuration
)
Package xcolor Info: Driver file: luatex.def on input line 225.

("C:/Program Files/MiKTeX 2.9/tex/latex/graphics-def/luatex.def"
File: luatex.def 2018/01/08 v1.0l Graphics/color driver for luatex
)
Package xcolor Info: Model `cmy' substituted by `cmy0' on input line 1348.
Package xcolor Info: Model `hsb' substituted by `rgb' on input line 1352.
Package xcolor Info: Model `RGB' extended on input line 1364.
Package xcolor Info: Model `HTML' substituted by `rgb' on input line 1366.
Package xcolor Info: Model `Hsb' substituted by `hsb' on input line 1367.
Package xcolor Info: Model `tHsb' substituted by `hsb' on input line 1368.
Package xcolor Info: Model `HSB' substituted by `hsb' on input line 1369.
Package xcolor Info: Model `Gray' substituted by `gray' on input line 1370.
Package xcolor Info: Model `wave' substituted by `hsb' on input line 1371.
)
("C:/Program Files/MiKTeX 2.9/tex/latex/lipsum/lipsum.sty"
("C:/Program Files/MiKTeX 2.9/tex/latex/l3kernel/expl3.sty"
Package: expl3 2018-10-31 L3 programming layer (loader) 

("C:/Program Files/MiKTeX 2.9/tex/latex/l3kernel/expl3-code.tex"
Package: expl3 2018-10-31 L3 programming layer (code)
\ucharcat@table=\catcodetable5
\c_max_int=\count88
\l_tmpa_int=\count89
\l_tmpb_int=\count90
\g_tmpa_int=\count91
\g_tmpb_int=\count92
\g__kernel_prg_map_int=\count93
\c_log_iow=\count94
\l_iow_line_count_int=\count95
\l__iow_line_target_int=\count96
\l__iow_one_indent_int=\count97
\l__iow_indent_int=\count98
\c_zero_dim=\dimen105
\c_max_dim=\dimen106
\l_tmpa_dim=\dimen107
\l_tmpb_dim=\dimen108
\g_tmpa_dim=\dimen109
\g_tmpb_dim=\dimen110
\c_zero_skip=\skip45
\c_max_skip=\skip46
\l_tmpa_skip=\skip47
\l_tmpb_skip=\skip48
\g_tmpa_skip=\skip49
\g_tmpb_skip=\skip50
\c_zero_muskip=\muskip10
\c_max_muskip=\muskip11
\l_tmpa_muskip=\muskip12
\l_tmpb_muskip=\muskip13
\g_tmpa_muskip=\muskip14
\g_tmpb_muskip=\muskip15
\l_keys_choice_int=\count99
\l__intarray_loop_int=\count100
\c__intarray_sp_dim=\dimen111
\g__intarray_font_int=\count101
\c__fp_leading_shift_int=\count102
\c__fp_middle_shift_int=\count103
\c__fp_trailing_shift_int=\count104
\c__fp_big_leading_shift_int=\count105
\c__fp_big_middle_shift_int=\count106
\c__fp_big_trailing_shift_int=\count107
\c__fp_Bigg_leading_shift_int=\count108
\c__fp_Bigg_middle_shift_int=\count109
\c__fp_Bigg_trailing_shift_int=\count110
\g__fp_array_int=\count111
\l__fp_array_loop_int=\count112
\l__sort_length_int=\count113
\l__sort_min_int=\count114
\l__sort_top_int=\count115
\l__sort_max_int=\count116
\l__sort_true_max_int=\count117
\l__sort_block_int=\count118
\l__sort_begin_int=\count119
\l__sort_end_int=\count120
\l__sort_A_int=\count121
\l__sort_B_int=\count122
\l__sort_C_int=\count123
\l__tl_analysis_normal_int=\count124
\l__tl_analysis_index_int=\count125
\l__tl_analysis_nesting_int=\count126
\l__tl_analysis_type_int=\count127
\l__regex_internal_a_int=\count128
\l__regex_internal_b_int=\count129
\l__regex_internal_c_int=\count130
\l__regex_balance_int=\count131
\l__regex_group_level_int=\count132
\l__regex_mode_int=\count133
\c__regex_cs_in_class_mode_int=\count134
\c__regex_cs_mode_int=\count135
\l__regex_catcodes_int=\count136
\l__regex_default_catcodes_int=\count137
\c__regex_catcode_L_int=\count138
\c__regex_catcode_O_int=\count139
\c__regex_catcode_A_int=\count140
\c__regex_all_catcodes_int=\count141
\l__regex_show_lines_int=\count142
\l__regex_min_state_int=\count143
\l__regex_max_state_int=\count144
\l__regex_left_state_int=\count145
\l__regex_right_state_int=\count146
\l__regex_capturing_group_int=\count147
\l__regex_min_pos_int=\count148
\l__regex_max_pos_int=\count149
\l__regex_curr_pos_int=\count150
\l__regex_start_pos_int=\count151
\l__regex_success_pos_int=\count152
\l__regex_curr_char_int=\count153
\l__regex_curr_catcode_int=\count154
\l__regex_last_char_int=\count155
\l__regex_case_changed_char_int=\count156
\l__regex_curr_state_int=\count157
\l__regex_step_int=\count158
\l__regex_min_active_int=\count159
\l__regex_max_active_int=\count160
\l__regex_replacement_csnames_int=\count161
\l__regex_match_count_int=\count162
\l__regex_min_submatch_int=\count163
\l__regex_submatch_int=\count164
\l__regex_zeroth_submatch_int=\count165
\g__regex_trace_regex_int=\count166
\c_empty_box=\box28
\l_tmpa_box=\box29
\l_tmpb_box=\box30
\g_tmpa_box=\box31
\g_tmpb_box=\box32
\l__box_top_dim=\dimen112
\l__box_bottom_dim=\dimen113
\l__box_left_dim=\dimen114
\l__box_right_dim=\dimen115
\l__box_top_new_dim=\dimen116
\l__box_bottom_new_dim=\dimen117
\l__box_left_new_dim=\dimen118
\l__box_right_new_dim=\dimen119
\l__box_internal_box=\box33
\l__coffin_internal_box=\box34
\l__coffin_internal_dim=\dimen120
\l__coffin_offset_x_dim=\dimen121
\l__coffin_offset_y_dim=\dimen122
\l__coffin_x_dim=\dimen123
\l__coffin_y_dim=\dimen124
\l__coffin_x_prime_dim=\dimen125
\l__coffin_y_prime_dim=\dimen126
\c_empty_coffin=\box35
\l__coffin_aligned_coffin=\box36
\l__coffin_aligned_internal_coffin=\box37
\l_tmpa_coffin=\box38
\l_tmpb_coffin=\box39
\l__coffin_display_coffin=\box40
\l__coffin_display_coord_coffin=\box41
\l__coffin_display_pole_coffin=\box42
\l__coffin_display_offset_dim=\dimen127
\l__coffin_display_x_dim=\dimen128
\l__coffin_display_y_dim=\dimen129
\g__file_internal_ior=\read1
\l__coffin_bounding_shift_dim=\dimen130
\l__coffin_left_corner_dim=\dimen131
\l__coffin_right_corner_dim=\dimen132
\l__coffin_bottom_corner_dim=\dimen133
\l__coffin_top_corner_dim=\dimen134
\l__coffin_scaled_total_height_dim=\dimen135
\l__coffin_scaled_width_dim=\dimen136
\l__seq_internal_a_int=\count167
\l__seq_internal_b_int=\count168
)
("C:/Program Files/MiKTeX 2.9/tex/latex/l3kernel/l3pdfmode.def"
File: l3pdfmode.def 2018-10-31 v L3 Experimental driver: PDF mode
\l__driver_color_stack_int=\count169
))
("C:/Program Files/MiKTeX 2.9/tex/latex/l3packages/xparse/xparse.sty"
Package: xparse 2018-10-17 L3 Experimental document command parser
\l__xparse_current_arg_int=\count170
\g__xparse_grabber_int=\count171
\l__xparse_m_args_int=\count172
\l__xparse_mandatory_args_int=\count173
\l__xparse_v_nesting_int=\count174
)
Package: lipsum 2018/11/07 v2.0 150 paragraphs of Lorem Ipsum dummy text
)
("C:/Program Files/MiKTeX 2.9/tex/latex/psnfss/pifont.sty"
Package: pifont 2005/04/12 PSNFSS-v9.2a Pi font support (SPQR) 
LaTeX Font Info:    Try loading font information for U+pzd on input line 63.

("C:/Program Files/MiKTeX 2.9/tex/latex/psnfss/upzd.fd"
File: upzd.fd 2001/06/04 font definitions for U/pzd.
)
LaTeX Font Info:    Try loading font information for U+psy on input line 64.

("C:/Program Files/MiKTeX 2.9/tex/latex/psnfss/upsy.fd"
File: upsy.fd 2001/06/04 font definitions for U/psy.
))
("C:/Program Files/MiKTeX 2.9/tex/latex/hyperref/hyperref.sty"
Package: hyperref 2018/09/30 v6.88a Hypertext links for LaTeX

("C:/Program Files/MiKTeX 2.9/tex/generic/oberdiek/hobsub-hyperref.sty"
Package: hobsub-hyperref 2016/05/16 v1.14 Bundle oberdiek, subset hyperref (HO)

("C:/Program Files/MiKTeX 2.9/tex/generic/oberdiek/hobsub-generic.sty"
Package: hobsub-generic 2016/05/16 v1.14 Bundle oberdiek, subset generic (HO)
Package: hobsub 2016/05/16 v1.14 Construct package bundles (HO)
Package: infwarerr 2016/05/16 v1.4 Providing info/warning/error messages (HO)
Package: ltxcmds 2016/05/16 v1.23 LaTeX kernel commands for general use (HO)
Package: ifluatex 2016/05/16 v1.4 Provides the ifluatex switch (HO)
Package ifluatex Info: LuaTeX detected.
Package: ifvtex 2016/05/16 v1.6 Detect VTeX and its facilities (HO)
Package ifvtex Info: VTeX not detected.
Package: intcalc 2016/05/16 v1.2 Expandable calculations with integers (HO)
Package: ifpdf 2018/09/07 v3.3 Provides the ifpdf switch
Package: etexcmds 2016/05/16 v1.6 Avoid name clashes with e-TeX commands (HO)
Package: kvsetkeys 2016/05/16 v1.17 Key value parser (HO)
Package: kvdefinekeys 2016/05/16 v1.4 Define keys (HO)
Package: luatex-loader 2016/05/16 v0.6 Lua module loader (HO)

(C:/Program Files/MiKTeX 2.9/scripts/oberdiek/oberdiek.luatex.lua)
Package: pdftexcmds 2018/09/10 v0.29 Utility functions of pdfTeX for LuaTeX (HO)

Package pdftexcmds Info: \pdf@primitive is available.
Package pdftexcmds Info: \pdf@ifprimitive is available.
Package pdftexcmds Info: \pdfdraftmode found.
\pdftexcmds@toks=\toks15
Package: pdfescape 2016/05/16 v1.14 Implements pdfTeX's escape features (HO)
Package: bigintcalc 2016/05/16 v1.4 Expandable calculations on big integers (HO)

Package: bitset 2016/05/16 v1.2 Handle bit-vector datatype (HO)
Package: uniquecounter 2016/05/16 v1.3 Provide unlimited unique counter (HO)
)
Package hobsub Info: Skipping package `hobsub' (already loaded).
Package: letltxmacro 2016/05/16 v1.5 Let assignment for LaTeX macros (HO)
Package: hopatch 2016/05/16 v1.3 Wrapper for package hooks (HO)
Package: xcolor-patch 2016/05/16 xcolor patch
Package: atveryend 2016/05/16 v1.9 Hooks at the very end of document (HO)
Package atveryend Info: \enddocument detected (standard20110627).
Package: atbegshi 2016/06/09 v1.18 At begin shipout hook (HO)
Package: refcount 2016/05/16 v3.5 Data extraction from label references (HO)
Package: hycolor 2016/05/16 v1.8 Color options for hyperref/bookmark (HO)
)
("C:/Program Files/MiKTeX 2.9/tex/latex/graphics/keyval.sty"
Package: keyval 2014/10/28 v1.15 key=value parser (DPC)
\KV@toks@=\toks16
)
("C:/Program Files/MiKTeX 2.9/tex/generic/ifxetex/ifxetex.sty"
Package: ifxetex 2010/09/12 v0.6 Provides ifxetex conditional
)
("C:/Program Files/MiKTeX 2.9/tex/latex/oberdiek/auxhook.sty"
Package: auxhook 2016/05/16 v1.4 Hooks for auxiliary files (HO)
)
("C:/Program Files/MiKTeX 2.9/tex/latex/oberdiek/kvoptions.sty"
Package: kvoptions 2016/05/16 v3.12 Key value format for package options (HO)
)
\@linkdim=\dimen137
\Hy@linkcounter=\count175
\Hy@pagecounter=\count176

("C:/Program Files/MiKTeX 2.9/tex/latex/hyperref/pd1enc.def"
File: pd1enc.def 2018/09/30 v6.88a Hyperref: PDFDocEncoding definition (HO)
)
\Hy@SavedSpaceFactor=\count177

("C:/Program Files/MiKTeX 2.9/tex/latex/00miktex/hyperref.cfg"
File: hyperref.cfg 2002/06/06 v1.2 hyperref configuration of TeXLive
)
Package hyperref Info: Hyper figures OFF on input line 4535.
Package hyperref Info: Link nesting OFF on input line 4540.
Package hyperref Info: Hyper index ON on input line 4543.
Package hyperref Info: Plain pages OFF on input line 4550.
Package hyperref Info: Backreferencing OFF on input line 4555.
Package hyperref Info: Implicit mode ON; LaTeX internals redefined.
Package hyperref Info: Bookmarks ON on input line 4788.
\c@Hy@tempcnt=\count178

("C:/Program Files/MiKTeX 2.9/tex/latex/url/url.sty"
\Urlmuskip=\muskip16
Package: url 2013/09/16  ver 3.4  Verb mode for urls, etc.
)
LaTeX Info: Redefining \url on input line 5141.
\XeTeXLinkMargin=\dimen138
\Fld@menulength=\count179
\Field@Width=\dimen139
\Fld@charsize=\dimen140
Package hyperref Info: Hyper figures OFF on input line 6396.
Package hyperref Info: Link nesting OFF on input line 6401.
Package hyperref Info: Hyper index ON on input line 6404.
Package hyperref Info: backreferencing OFF on input line 6411.
Package hyperref Info: Link coloring OFF on input line 6416.
Package hyperref Info: Link coloring with OCG OFF on input line 6421.
Package hyperref Info: PDF/A mode OFF on input line 6426.
LaTeX Info: Redefining \ref on input line 6466.
LaTeX Info: Redefining \pageref on input line 6470.
\Hy@abspage=\count180
\c@Item=\count181
\c@Hfootnote=\count182
)
Package hyperref Info: Driver (autodetected): hluatex.

("C:/Program Files/MiKTeX 2.9/tex/latex/hyperref/hluatex.def"
File: hluatex.def 2018/09/30 v6.88a Hyperref driver for luaTeX
\Fld@listcount=\count183
\c@bookmark@seq@number=\count184

("C:/Program Files/MiKTeX 2.9/tex/latex/oberdiek/rerunfilecheck.sty"
Package: rerunfilecheck 2016/05/16 v1.8 Rerun checks for auxiliary files (HO)
Package uniquecounter Info: New unique counter `rerunfilecheck' on input line 28
2.
)
\Hy@SectionHShift=\skip51
)
("C:/Program Files/MiKTeX 2.9/tex/latex/titlesec/titlesec.sty"
Package: titlesec 2016/03/21 v2.10.2 Sectioning titles
\ttl@box=\box43
\beforetitleunit=\skip52
\aftertitleunit=\skip53
\ttl@plus=\dimen141
\ttl@minus=\dimen142
\ttl@toksa=\toks17
\titlewidth=\dimen143
\titlewidthlast=\dimen144
\titlewidthfirst=\dimen145
)
("C:/Program Files/MiKTeX 2.9/tex/latex/tools/tabularx.sty"
Package: tabularx 2016/02/03 v2.11b `tabularx' package (DPC)
\TX@col@width=\dimen146
\TX@old@table=\dimen147
\TX@old@col=\dimen148
\TX@target=\dimen149
\TX@delta=\dimen150
\TX@cols=\count185
\TX@ftn=\toks18
)
("C:/Program Files/MiKTeX 2.9/tex/latex/booktabs/booktabs.sty"
Package: booktabs 2005/04/14 v1.61803 publication quality tables
\heavyrulewidth=\dimen151
\lightrulewidth=\dimen152
\cmidrulewidth=\dimen153
\belowrulesep=\dimen154
\belowbottomsep=\dimen155
\aboverulesep=\dimen156
\abovetopsep=\dimen157
\cmidrulesep=\dimen158
\cmidrulekern=\dimen159
\defaultaddspace=\dimen160
\@cmidla=\count186
\@cmidlb=\count187
\@aboverulesep=\dimen161
\@belowrulesep=\dimen162
\@thisruleclass=\count188
\@lastruleclass=\count189
\@thisrulewidth=\dimen163
)
("C:/Program Files/MiKTeX 2.9/tex/latex/base/fontenc.sty"
Package: fontenc 2017/04/05 v2.0i Standard LaTeX package

("C:/Program Files/MiKTeX 2.9/tex/latex/base/t1enc.def"
File: t1enc.def 2017/04/05 v2.0i Standard LaTeX file
LaTeX Font Info:    Redeclaring font encoding T1 on input line 48.
)
LaTeX Font Info:    Try loading font information for T1+lmr on input line 105.

("C:/Program Files/MiKTeX 2.9/tex/latex/lm/t1lmr.fd"
File: t1lmr.fd 2009/10/30 v1.6 Font defs for Latin Modern
))
("C:/Program Files/MiKTeX 2.9/tex/latex/base/inputenc.sty"
Package: inputenc 2018/04/06 v1.3b Input encoding file
\inpenc@prehook=\toks19
\inpenc@posthook=\toks20


Package inputenc Warning: inputenc package ignored with utf8 based engines.

) ("C:/Program Files/MiKTeX 2.9/tex/latex/geometry/geometry.sty"
Package: geometry 2018/04/16 v5.8 Page Geometry
\Gm@cnth=\count190
\Gm@cntv=\count191
\c@Gm@tempcnt=\count192
\Gm@bindingoffset=\dimen164
\Gm@wd@mp=\dimen165
\Gm@odd@mp=\dimen166
\Gm@even@mp=\dimen167
\Gm@layoutwidth=\dimen168
\Gm@layoutheight=\dimen169
\Gm@layouthoffset=\dimen170
\Gm@layoutvoffset=\dimen171
\Gm@dimlist=\toks21

("C:/Program Files/MiKTeX 2.9/tex/latex/geometry/geometry.cfg"))
("C:/Program Files/MiKTeX 2.9/tex/latex/fancyhdr/fancyhdr.sty"
Package: fancyhdr 2019/01/31 v3.10 Extensive control of page headers and footers

\f@nch@headwidth=\skip54
\f@nch@O@elh=\skip55
\f@nch@O@erh=\skip56
\f@nch@O@olh=\skip57
\f@nch@O@orh=\skip58
\f@nch@O@elf=\skip59
\f@nch@O@erf=\skip60
\f@nch@O@olf=\skip61
\f@nch@O@orf=\skip62
)
("C:/Program Files/MiKTeX 2.9/tex/latex/adjustbox/adjustbox.sty"
Package: adjustbox 2019/01/04 v1.2 Adjusting TeX boxes (trim, clip, ...)

("C:/Program Files/MiKTeX 2.9/tex/latex/xkeyval/xkeyval.sty"
Package: xkeyval 2014/12/03 v2.7a package option processing (HA)

("C:/Program Files/MiKTeX 2.9/tex/generic/xkeyval/xkeyval.tex"
("C:/Program Files/MiKTeX 2.9/tex/generic/xkeyval/xkvutils.tex"
\XKV@toks=\toks22
\XKV@tempa@toks=\toks23
)
\XKV@depth=\count193
File: xkeyval.tex 2014/12/03 v2.7a key=value parser (HA)
))
("C:/Program Files/MiKTeX 2.9/tex/latex/adjustbox/adjcalc.sty"
Package: adjcalc 2012/05/16 v1.1 Provides advanced setlength with multiple back-
ends (calc, etex, pgfmath)
)
("C:/Program Files/MiKTeX 2.9/tex/latex/adjustbox/trimclip.sty"
Package: trimclip 2018/04/08 v1.1 Trim and clip general TeX material

("C:/Program Files/MiKTeX 2.9/tex/latex/graphics/graphicx.sty"
Package: graphicx 2017/06/01 v1.1a Enhanced LaTeX Graphics (DPC,SPQR)

("C:/Program Files/MiKTeX 2.9/tex/latex/graphics/graphics.sty"
Package: graphics 2017/06/25 v1.2c Standard LaTeX Graphics (DPC,SPQR)

("C:/Program Files/MiKTeX 2.9/tex/latex/graphics/trig.sty"
Package: trig 2016/01/03 v1.10 sin cos tan (DPC)
)
("C:/Program Files/MiKTeX 2.9/tex/latex/graphics-cfg/graphics.cfg"
File: graphics.cfg 2016/06/04 v1.11 sample graphics configuration
)
Package graphics Info: Driver file: luatex.def on input line 99.
)
\Gin@req@height=\dimen172
\Gin@req@width=\dimen173
)
("C:/Program Files/MiKTeX 2.9/tex/latex/collectbox/collectbox.sty"
Package: collectbox 2012/05/17 v0.4b Collect macro arguments as boxes
\collectedbox=\box44
)
\tc@llx=\dimen174
\tc@lly=\dimen175
\tc@urx=\dimen176
\tc@ury=\dimen177

("C:/Program Files/MiKTeX 2.9/tex/latex/adjustbox/tc-pgf.def"
File: tc-pgf.def 2019/01/04 v2.2 trimclip fall-back clipping driver using PGF

("C:/Program Files/MiKTeX 2.9/tex/latex/pgf/basiclayer/pgf.sty"
("C:/Program Files/MiKTeX 2.9/tex/latex/pgf/utilities/pgfrcs.sty"
("C:/Program Files/MiKTeX 2.9/tex/generic/pgf/utilities/pgfutil-common.tex"
\pgfutil@everybye=\toks24
\pgfutil@tempdima=\dimen178
\pgfutil@tempdimb=\dimen179

("C:/Program Files/MiKTeX 2.9/tex/generic/pgf/utilities/pgfutil-common-lists.te
x")) ("C:/Program Files/MiKTeX 2.9/tex/generic/pgf/utilities/pgfutil-latex.def"
\pgfutil@abb=\box45
("C:/Program Files/MiKTeX 2.9/tex/latex/ms/everyshi.sty"
Package: everyshi 2001/05/15 v3.00 EveryShipout Package (MS)
))
("C:/Program Files/MiKTeX 2.9/tex/generic/pgf/utilities/pgfrcs.code.tex"
("C:/Program Files/MiKTeX 2.9/tex/generic/pgf/pgf.revision.tex")
Package: pgfrcs 2019/05/09 v3.1.3 (3.1.3)
))
Package: pgf 2019/05/09 v3.1.3 (3.1.3)

("C:/Program Files/MiKTeX 2.9/tex/latex/pgf/basiclayer/pgfcore.sty"
("C:/Program Files/MiKTeX 2.9/tex/latex/pgf/systemlayer/pgfsys.sty"
("C:/Program Files/MiKTeX 2.9/tex/generic/pgf/systemlayer/pgfsys.code.tex"
Package: pgfsys 2019/05/09 v3.1.3 (3.1.3)

("C:/Program Files/MiKTeX 2.9/tex/generic/pgf/utilities/pgfkeys.code.tex"
\pgfkeys@pathtoks=\toks25
\pgfkeys@temptoks=\toks26

("C:/Program Files/MiKTeX 2.9/tex/generic/pgf/utilities/pgfkeysfiltered.code.te
x"
\pgfkeys@tmptoks=\toks27
))
\pgf@x=\dimen180
\pgf@y=\dimen181
\pgf@xa=\dimen182
\pgf@ya=\dimen183
\pgf@xb=\dimen184
\pgf@yb=\dimen185
\pgf@xc=\dimen186
\pgf@yc=\dimen187
\pgf@xd=\dimen188
\pgf@yd=\dimen189
\w@pgf@writea=\write3
\r@pgf@reada=\read2
\c@pgf@counta=\count194
\c@pgf@countb=\count195
\c@pgf@countc=\count196
\c@pgf@countd=\count197
\t@pgf@toka=\toks28
\t@pgf@tokb=\toks29
\t@pgf@tokc=\toks30
\pgf@sys@id@count=\count198
 ("C:/Program Files/MiKTeX 2.9/tex/generic/pgf/systemlayer/pgf.cfg"
File: pgf.cfg 2019/05/09 v3.1.3 (3.1.3)
)
Driver file for pgf: pgfsys-luatex.def

("C:/Program Files/MiKTeX 2.9/tex/generic/pgf/systemlayer/pgfsys-luatex.def"
File: pgfsys-luatex.def 2019/05/09 v3.1.3 (3.1.3)

("C:/Program Files/MiKTeX 2.9/tex/generic/pgf/systemlayer/pgfsys-common-pdf.def
"
File: pgfsys-common-pdf.def 2019/05/09 v3.1.3 (3.1.3)
)))
("C:/Program Files/MiKTeX 2.9/tex/generic/pgf/systemlayer/pgfsyssoftpath.code.t
ex"
File: pgfsyssoftpath.code.tex 2019/05/09 v3.1.3 (3.1.3)
\pgfsyssoftpath@smallbuffer@items=\count199
\pgfsyssoftpath@bigbuffer@items=\count266
)
("C:/Program Files/MiKTeX 2.9/tex/generic/pgf/systemlayer/pgfsysprotocol.code.t
ex"
File: pgfsysprotocol.code.tex 2019/05/09 v3.1.3 (3.1.3)
)) ("C:/Program Files/MiKTeX 2.9/tex/generic/pgf/basiclayer/pgfcore.code.tex"
Package: pgfcore 2019/05/09 v3.1.3 (3.1.3)
 ("C:/Program Files/MiKTeX 2.9/tex/generic/pgf/math/pgfmath.code.tex"
("C:/Program Files/MiKTeX 2.9/tex/generic/pgf/math/pgfmathcalc.code.tex"
("C:/Program Files/MiKTeX 2.9/tex/generic/pgf/math/pgfmathutil.code.tex")
("C:/Program Files/MiKTeX 2.9/tex/generic/pgf/math/pgfmathparser.code.tex"
\pgfmath@dimen=\dimen190
\pgfmath@count=\count267
\pgfmath@box=\box46
\pgfmath@toks=\toks31
\pgfmath@stack@operand=\toks32
\pgfmath@stack@operation=\toks33
)
("C:/Program Files/MiKTeX 2.9/tex/generic/pgf/math/pgfmathfunctions.code.tex"
("C:/Program Files/MiKTeX 2.9/tex/generic/pgf/math/pgfmathfunctions.basic.code.
tex")
("C:/Program Files/MiKTeX 2.9/tex/generic/pgf/math/pgfmathfunctions.trigonometr
ic.code.tex")
("C:/Program Files/MiKTeX 2.9/tex/generic/pgf/math/pgfmathfunctions.random.code
.tex")
("C:/Program Files/MiKTeX 2.9/tex/generic/pgf/math/pgfmathfunctions.comparison.
code.tex")
("C:/Program Files/MiKTeX 2.9/tex/generic/pgf/math/pgfmathfunctions.base.code.t
ex")
("C:/Program Files/MiKTeX 2.9/tex/generic/pgf/math/pgfmathfunctions.round.code.
tex")
("C:/Program Files/MiKTeX 2.9/tex/generic/pgf/math/pgfmathfunctions.misc.code.t
ex")
("C:/Program Files/MiKTeX 2.9/tex/generic/pgf/math/pgfmathfunctions.integerarit
hmetics.code.tex")))
("C:/Program Files/MiKTeX 2.9/tex/generic/pgf/math/pgfmathfloat.code.tex"
\c@pgfmathroundto@lastzeros=\count268
))
("C:/Program Files/MiKTeX 2.9/tex/generic/pgf/math/pgfint.code.tex")
("C:/Program Files/MiKTeX 2.9/tex/generic/pgf/basiclayer/pgfcorepoints.code.tex
"
File: pgfcorepoints.code.tex 2019/05/09 v3.1.3 (3.1.3)
\pgf@picminx=\dimen191
\pgf@picmaxx=\dimen192
\pgf@picminy=\dimen193
\pgf@picmaxy=\dimen194
\pgf@pathminx=\dimen195
\pgf@pathmaxx=\dimen196
\pgf@pathminy=\dimen197
\pgf@pathmaxy=\dimen198
\pgf@xx=\dimen199
\pgf@xy=\dimen256
\pgf@yx=\dimen257
\pgf@yy=\dimen258
\pgf@zx=\dimen259
\pgf@zy=\dimen260
)
("C:/Program Files/MiKTeX 2.9/tex/generic/pgf/basiclayer/pgfcorepathconstruct.c
ode.tex"
File: pgfcorepathconstruct.code.tex 2019/05/09 v3.1.3 (3.1.3)
\pgf@path@lastx=\dimen261
\pgf@path@lasty=\dimen262
)
("C:/Program Files/MiKTeX 2.9/tex/generic/pgf/basiclayer/pgfcorepathusage.code.
tex"
File: pgfcorepathusage.code.tex 2019/05/09 v3.1.3 (3.1.3)
\pgf@shorten@end@additional=\dimen263
\pgf@shorten@start@additional=\dimen264
)
("C:/Program Files/MiKTeX 2.9/tex/generic/pgf/basiclayer/pgfcorescopes.code.tex
"
File: pgfcorescopes.code.tex 2019/05/09 v3.1.3 (3.1.3)
\pgfpic=\box47
\pgf@hbox=\box48
\pgf@layerbox@main=\box49
\pgf@picture@serial@count=\count269
)
("C:/Program Files/MiKTeX 2.9/tex/generic/pgf/basiclayer/pgfcoregraphicstate.co
de.tex"
File: pgfcoregraphicstate.code.tex 2019/05/09 v3.1.3 (3.1.3)
\pgflinewidth=\dimen265
)
("C:/Program Files/MiKTeX 2.9/tex/generic/pgf/basiclayer/pgfcoretransformations
.code.tex"
File: pgfcoretransformations.code.tex 2019/05/09 v3.1.3 (3.1.3)
\pgf@pt@x=\dimen266
\pgf@pt@y=\dimen267
\pgf@pt@temp=\dimen268
)
("C:/Program Files/MiKTeX 2.9/tex/generic/pgf/basiclayer/pgfcorequick.code.tex"
File: pgfcorequick.code.tex 2019/05/09 v3.1.3 (3.1.3)
)
("C:/Program Files/MiKTeX 2.9/tex/generic/pgf/basiclayer/pgfcoreobjects.code.te
x"
File: pgfcoreobjects.code.tex 2019/05/09 v3.1.3 (3.1.3)
)
("C:/Program Files/MiKTeX 2.9/tex/generic/pgf/basiclayer/pgfcorepathprocessing.
code.tex"
File: pgfcorepathprocessing.code.tex 2019/05/09 v3.1.3 (3.1.3)
)
("C:/Program Files/MiKTeX 2.9/tex/generic/pgf/basiclayer/pgfcorearrows.code.tex
"
File: pgfcorearrows.code.tex 2019/05/09 v3.1.3 (3.1.3)
\pgfarrowsep=\dimen269
)
("C:/Program Files/MiKTeX 2.9/tex/generic/pgf/basiclayer/pgfcoreshade.code.tex"
File: pgfcoreshade.code.tex 2019/05/09 v3.1.3 (3.1.3)
\pgf@max=\dimen270
\pgf@sys@shading@range@num=\count270
\pgf@shadingcount=\count271
) ("C:/Program Files/MiKTeX 2.9/tex/generic/pgf/basiclayer/pgfcoreimage.code.te
x"
File: pgfcoreimage.code.tex 2019/05/09 v3.1.3 (3.1.3)

("C:/Program Files/MiKTeX 2.9/tex/generic/pgf/basiclayer/pgfcoreexternal.code.t
ex"
File: pgfcoreexternal.code.tex 2019/05/09 v3.1.3 (3.1.3)
\pgfexternal@startupbox=\box50
))
("C:/Program Files/MiKTeX 2.9/tex/generic/pgf/basiclayer/pgfcorelayers.code.tex
"
File: pgfcorelayers.code.tex 2019/05/09 v3.1.3 (3.1.3)
)
("C:/Program Files/MiKTeX 2.9/tex/generic/pgf/basiclayer/pgfcoretransparency.co
de.tex"
File: pgfcoretransparency.code.tex 2019/05/09 v3.1.3 (3.1.3)
)
("C:/Program Files/MiKTeX 2.9/tex/generic/pgf/basiclayer/pgfcorepatterns.code.t
ex"
File: pgfcorepatterns.code.tex 2019/05/09 v3.1.3 (3.1.3)
)
("C:/Program Files/MiKTeX 2.9/tex/generic/pgf/basiclayer/pgfcorerdf.code.tex"
File: pgfcorerdf.code.tex 2019/05/09 v3.1.3 (3.1.3)
))) ("C:/Program Files/MiKTeX 2.9/tex/generic/pgf/modules/pgfmoduleshapes.code.
tex"
File: pgfmoduleshapes.code.tex 2019/05/09 v3.1.3 (3.1.3)
\pgfnodeparttextbox=\box51
) ("C:/Program Files/MiKTeX 2.9/tex/generic/pgf/modules/pgfmoduleplot.code.tex"
File: pgfmoduleplot.code.tex 2019/05/09 v3.1.3 (3.1.3)
)
("C:/Program Files/MiKTeX 2.9/tex/latex/pgf/compatibility/pgfcomp-version-0-65.
sty"
Package: pgfcomp-version-0-65 2019/05/09 v3.1.3 (3.1.3)
\pgf@nodesepstart=\dimen271
\pgf@nodesepend=\dimen272
)
("C:/Program Files/MiKTeX 2.9/tex/latex/pgf/compatibility/pgfcomp-version-1-18.
sty"
Package: pgfcomp-version-1-18 2019/05/09 v3.1.3 (3.1.3)
)))
Package trimclip Info: No clipping driver 'tc-luatex.def' available.
(trimclip)             Using fall-back PGF driver.
)
\adjbox@Width=\dimen273
\adjbox@Height=\dimen274
\adjbox@Depth=\dimen275
\adjbox@Totalheight=\dimen276
\adjbox@pwidth=\dimen277
\adjbox@pheight=\dimen278
\adjbox@pdepth=\dimen279
\adjbox@ptotalheight=\dimen280
 ("C:/Program Files/MiKTeX 2.9/tex/latex/ifoddpage/ifoddpage.sty"
Package: ifoddpage 2016/04/23 v1.1 Conditionals for odd/even page detection
\c@checkoddpage=\count272
)
("C:/Program Files/MiKTeX 2.9/tex/latex/varwidth/varwidth.sty"
Package: varwidth 2009/03/30 ver 0.92;  Variable-width minipages
\@vwid@box=\box52
\sift@deathcycles=\count273
\@vwid@loff=\dimen281
\@vwid@roff=\dimen282
))
Package hyperref Info: Option `colorlinks' set `true' on input line 21.
 (./cv.aux)
\openout1 = cv.aux

LaTeX Font Info:    Checking defaults for OML/cmm/m/it on input line 35.
LaTeX Font Info:    ... okay on input line 35.
LaTeX Font Info:    Checking defaults for T1/cmr/m/n on input line 35.
LaTeX Font Info:    ... okay on input line 35.
LaTeX Font Info:    Checking defaults for OT1/cmr/m/n on input line 35.
LaTeX Font Info:    ... okay on input line 35.
LaTeX Font Info:    Checking defaults for OMS/cmsy/m/n on input line 35.
LaTeX Font Info:    ... okay on input line 35.
LaTeX Font Info:    Checking defaults for TU/lmr/m/n on input line 35.
LaTeX Font Info:    ... okay on input line 35.
LaTeX Font Info:    Checking defaults for OMX/cmex/m/n on input line 35.
LaTeX Font Info:    ... okay on input line 35.
LaTeX Font Info:    Checking defaults for U/cmr/m/n on input line 35.
LaTeX Font Info:    ... okay on input line 35.
LaTeX Font Info:    Checking defaults for PD1/pdf/m/n on input line 35.
LaTeX Font Info:    ... okay on input line 35.
LaTeX Font Info:    Try loading font information for T1+phv on input line 35.

("C:/Program Files/MiKTeX 2.9/tex/latex/psnfss/t1phv.fd"
File: t1phv.fd 2001/06/04 scalable font definitions for T1/phv.
)
("C:/Program Files/MiKTeX 2.9/tex/context/base/supp-pdf.mkii"
[Loading MPS to PDF converter (version 2006.09.02).]
\scratchcounter=\count274
\scratchdimen=\dimen283
\scratchbox=\box53
\nofMPsegments=\count275
\nofMParguments=\count276
\everyMPshowfont=\toks34
\MPscratchCnt=\count277
\MPscratchDim=\dimen284
\MPnumerator=\count278
\makeMPintoPDFobject=\count279
\everyMPtoPDFconversion=\toks35
) ("C:/Program Files/MiKTeX 2.9/tex/latex/oberdiek/epstopdf-base.sty"
Package: epstopdf-base 2016/05/15 v2.6 Base part for package epstopdf

("C:/Program Files/MiKTeX 2.9/tex/latex/oberdiek/grfext.sty"
Package: grfext 2016/05/16 v1.2 Manage graphics extensions (HO)
)
Package epstopdf-base Info: Redefining graphics rule for `.eps' on input line 43
8.
Package grfext Info: Graphics extension search list:
(grfext)             [.pdf,.png,.jpg,.mps,.jpeg,.jbig2,.jb2,.PDF,.PNG,.JPG,.JPEG
,.JBIG2,.JB2,.eps]
(grfext)             \AppendGraphicsExtensions on input line 456.
)
\AtBeginShipoutBox=\box54
Package hyperref Info: Link coloring ON on input line 35.

("C:/Program Files/MiKTeX 2.9/tex/latex/hyperref/nameref.sty"
Package: nameref 2016/05/21 v2.44 Cross-referencing by name of section

("C:/Program Files/MiKTeX 2.9/tex/generic/oberdiek/gettitlestring.sty"
Package: gettitlestring 2016/05/16 v1.5 Cleanup title references (HO)
)
\c@section@level=\count280
)
LaTeX Info: Redefining \ref on input line 35.
LaTeX Info: Redefining \pageref on input line 35.
LaTeX Info: Redefining \nameref on input line 35.

(./cv.out) (./cv.out)
\@outlinefile=\write4

\openout4 = cv.out

*geometry* driver: auto-detecting
*geometry* detected driver: luatex
*geometry* verbose mode - [ preamble ] result:
* driver: luatex
* paper: <default>
* layout: <same size as paper>
* layoutoffset:(h,v)=(0.0pt,0.0pt)
* modes: 
* h-part:(L,W,R)=(56.9055pt, 500.484pt, 56.9055pt)
* v-part:(T,H,B)=(56.9055pt, 681.15898pt, 56.9055pt)
* \paperwidth=614.295pt
* \paperheight=794.96999pt
* \textwidth=500.484pt
* \textheight=681.15898pt
* \oddsidemargin=-15.36449pt
* \evensidemargin=-15.36449pt
* \topmargin=-52.36449pt
* \headheight=12.0pt
* \headsep=25.0pt
* \topskip=12.0pt
* \footskip=30.0pt
* \marginparwidth=44.0pt
* \marginparsep=10.0pt
* \columnsep=10.0pt
* \skip\footins=10.8pt plus 4.0pt minus 2.0pt
* \hoffset=0.0pt
* \voffset=0.0pt
* \mag=1000
* \@twocolumnfalse
* \@twosidefalse
* \@mparswitchfalse
* \@reversemarginfalse
* (1in=72.27pt=25.4mm, 1cm=28.453pt)

ABD: EveryShipout initializing macros
LaTeX Font Info:    Font shape `T1/phv/bx/n' in size <20.74> not available
(Font)              Font shape `T1/phv/b/n' tried instead on input line 37.
LaTeX Font Info:    Font shape `T1/phv/bx/n' in size <24.88> not available
(Font)              Font shape `T1/phv/b/n' tried instead on input line 37.
LaTeX Font Info:    External font `cmex10' loaded for size
(Font)              <14.4> on input line 37.
LaTeX Font Info:    External font `cmex10' loaded for size
(Font)              <7> on input line 37.
LaTeX Font Info:    External font `cmex10' loaded for size
(Font)              <12> on input line 44.
LaTeX Font Info:    External font `cmex10' loaded for size
(Font)              <8> on input line 44.
LaTeX Font Info:    External font `cmex10' loaded for size
(Font)              <6> on input line 44.

Overfull \hbox (0.52032pt too wide) in paragraph at lines 40--52
[]$[]$ $[]$
 []

LaTeX Font Info:    Font shape `T1/phv/bx/n' in size <17.28> not available
(Font)              Font shape `T1/phv/b/n' tried instead on input line 53.
LaTeX Font Info:    Font shape `T1/phv/bx/n' in size <14.4> not available
(Font)              Font shape `T1/phv/b/n' tried instead on input line 59.
LaTeX Font Info:    Font shape `T1/phv/bx/n' in size <12> not available
(Font)              Font shape `T1/phv/b/n' tried instead on input line 61.
<logos/linkedin.png, id=7, 152.9715pt x 130.086pt>
File: logos/linkedin.png Graphic file (type png)
<use logos/linkedin.png>
Package luatex.def Info: logos/linkedin.png  used on input line 71.
(luatex.def)             Requested size: 21.24545pt x 18.06729pt.
<logos/github.png, id=9, 120.45pt x 120.45pt>
File: logos/github.png Graphic file (type png)
<use logos/github.png>
Package luatex.def Info: logos/github.png  used on input line 71.
(luatex.def)             Requested size: 18.06671pt x 18.06729pt.
[1

{C:/Users/Ntsiki/AppData/Local/MiKTeX/2.9/pdftex/config/pdftex.map}<./logos/link
edin.png><./logos/github.png>]
File: logos/linkedin.png Graphic file (type png)
<use logos/linkedin.png>
Package luatex.def Info: logos/linkedin.png  used on input line 114.
(luatex.def)             Requested size: 21.24545pt x 18.06729pt.
File: logos/github.png Graphic file (type png)
<use logos/github.png>
Package luatex.def Info: logos/github.png  used on input line 114.
(luatex.def)             Requested size: 18.06671pt x 18.06729pt.
 [2]
File: logos/java.png Graphic file (type png)
<use logos/java.png>
Package luatex.def Info: logos/java.png  used on input line 142.
(luatex.def)             Requested size: 35.65858pt x 48.17944pt.
File: logos/python.png Graphic file (type png)
<use logos/python.png>
Package luatex.def Info: logos/python.png  used on input line 142.
(luatex.def)             Requested size: 48.3602pt x 48.17944pt.
File: logos/php.png Graphic file (type png)
<use logos/php.png>
Package luatex.def Info: logos/php.png  used on input line 142.
(luatex.def)             Requested size: 91.35751pt x 48.17944pt.
File: logos/cpp.png Graphic file (type png)
<use logos/cpp.png>
Package luatex.def Info: logos/cpp.png  used on input line 142.
(luatex.def)             Requested size: 42.85506pt x 48.17944pt.
File: logos/vaadin.png Graphic file (type png)
<use logos/vaadin.png>
Package luatex.def Info: logos/vaadin.png  used on input line 142.
(luatex.def)             Requested size: 48.16873pt x 48.17944pt.
File: logos/html.png Graphic file (type png)
<use logos/html.png>
Package luatex.def Info: logos/html.png  used on input line 142.
(luatex.def)             Requested size: 48.17203pt x 48.17944pt.
File: logos/javascript.png Graphic file (type png)
<use logos/javascript.png>
Package luatex.def Info: logos/javascript.png  used on input line 142.
(luatex.def)             Requested size: 48.16106pt x 48.17944pt.
File: logos/css3.png Graphic file (type png)
<use logos/css3.png>
Package luatex.def Info: logos/css3.png  used on input line 142.
(luatex.def)             Requested size: 42.81012pt x 48.17944pt.
File: logos/bootstrap.png Graphic file (type png)
<use logos/bootstrap.png>
Package luatex.def Info: logos/bootstrap.png  used on input line 142.
(luatex.def)             Requested size: 48.17517pt x 48.17944pt.
File: logos/angular.png Graphic file (type png)
<use logos/angular.png>
Package luatex.def Info: logos/angular.png  used on input line 142.
(luatex.def)             Requested size: 48.17638pt x 48.17944pt.
File: logos/vue.png Graphic file (type png)
<use logos/vue.png>
Package luatex.def Info: logos/vue.png  used on input line 142.
(luatex.def)             Requested size: 55.61288pt x 48.17944pt.
File: logos/jquery.png Graphic file (type png)
<use logos/jquery.png>
Package luatex.def Info: logos/jquery.png  used on input line 142.
(luatex.def)             Requested size: 131.23679pt x 32.11963pt.
File: logos/github.png Graphic file (type png)
<use logos/github.png>
Package luatex.def Info: logos/github.png  used on input line 151.
(luatex.def)             Requested size: 48.17914pt x 48.17944pt.
File: logos/android.png Graphic file (type png)
<use logos/android.png>
Package luatex.def Info: logos/android.png  used on input line 151.
(luatex.def)             Requested size: 40.69147pt x 48.17944pt.
File: logos/git.png Graphic file (type png)
<use logos/git.png>
Package luatex.def Info: logos/git.png  used on input line 151.
(luatex.def)             Requested size: 48.1776pt x 48.17944pt.
File: logos/blender.png Graphic file (type png)
<use logos/blender.png>
Package luatex.def Info: logos/blender.png  used on input line 160.
(luatex.def)             Requested size: 48.17203pt x 48.17944pt.
File: logos/adobe-xd.png Graphic file (type png)
<use logos/adobe-xd.png>
Package luatex.def Info: logos/adobe-xd.png  used on input line 160.
(luatex.def)             Requested size: 49.3839pt x 48.17944pt.
File: logos/inkscape.png Graphic file (type png)
<use logos/inkscape.png>
Package luatex.def Info: logos/inkscape.png  used on input line 160.
(luatex.def)             Requested size: 48.55576pt x 48.17944pt.
File: logos/linkedin.png Graphic file (type png)
<use logos/linkedin.png>
Package luatex.def Info: logos/linkedin.png  used on input line 162.
(luatex.def)             Requested size: 21.24545pt x 18.06729pt.
File: logos/github.png Graphic file (type png)
<use logos/github.png>
Package luatex.def Info: logos/github.png  used on input line 162.
(luatex.def)             Requested size: 18.06671pt x 18.06729pt.
 [3<./logos/java.png><./logos/python.png><./logos/php.png><./logos/cpp.png><./lo
gos/vaadin.png><./logos/html.png><./logos/javascript.png><./logos/css3.png><./lo
gos/bootstrap.png><./logos/angular.png><./logos/vue.png><./logos/jquery.png><./l
ogos/android.png><./logos/git.png><./logos/blender.png><./logos/adobe-xd.png><./
logos/inkscape.png>]
File: logos/linkedin.png Graphic file (type png)
<use logos/linkedin.png>
Package luatex.def Info: logos/linkedin.png  used on input line 170.
(luatex.def)             Requested size: 21.24545pt x 18.06729pt.
File: logos/github.png Graphic file (type png)
<use logos/github.png>
Package luatex.def Info: logos/github.png  used on input line 170.
(luatex.def)             Requested size: 18.06671pt x 18.06729pt.
 [4]
Package atveryend Info: Empty hook `BeforeClearDocument' on input line 170.
Package atveryend Info: Empty hook `AfterLastShipout' on input line 170.
 (./cv.aux)
Package atveryend Info: Executing hook `AtVeryEndDocument' on input line 170.
Package atveryend Info: Executing hook `AtEndAfterFileList' on input line 170.
Package rerunfilecheck Info: File `cv.out' has not changed.
(rerunfilecheck)             Checksum: D41D8CD98F00B204E9800998ECF8427E;0.
Package atveryend Info: Empty hook `AtVeryVeryEnd' on input line 170.
)

Here is how much of LuaTeX's memory you used:
 24932 strings out of 494324
 100000,662416 words of node,token memory allocated
 475 words of node memory still in use:
   3 hlist, 1 vlist, 1 rule, 2 glue, 6 kern, 1 glyph, 8 attribute, 55 glue_spec,
 8 attribute_list, 2 write nodes
   avail lists: 1:1,2:595,3:135,4:60,5:124,6:62,7:1660,8:8,9:455,10:6,11:95
 28176 multiletter control sequences out of 65536+200000
 65 fonts using 8408383 bytes
 65i,13n,63p,444b,479s stack positions out of 5000i,500n,10000p,200000b,50000s
{C:/Program Files/MiKTeX 2.9/fonts/enc/dvips/base/8r.enc}<C:/Program Files/MiKTe
X 2.9/fonts/type1/urw/helvetic/uhvb8a.pfb><C:/Program Files/MiKTeX 2.9/fonts/typ
e1/urw/helvetic/uhvr8a.pfb><C:/Program Files/MiKTeX 2.9/fonts/type1/urw/zapfding
/uzdr.pfb>
Output written on cv.pdf (4 pages, 433649 bytes).

PDF statistics: 92 PDF objects out of 1000 (max. 8388607)
 5 named destinations out of 1000 (max. 131072)
 16 words of extra memory for PDF output out of 10000 (max. 100000000)

